
Warning-[UNKWN_OPTVSIM] Unknown option passed
  Ignoring unknown option '-debug_all+pp' passed to 'vcs' and continuing 
  compilation.

Command: vcs -lca -kdb -sverilog +v2k -debug_all+pp -P /home/liuyunqi/software/verdi_2016/share/PLI/VCS/linux64/verdi.tab \
/home/liuyunqi/software/verdi_2016/share/PLI/VCS/linux64/pli.a -cpp g++-4.8 -cc gcc-4.8 \
-LDFLAGS -Wl,--no-as-needed -CFLAGS -fPIE -ntb_opts uvm-1.2 +vcs+lic+wait -full64 \
-timescale=1ns/1ps -unit_timescale=1ns/1ps -l compile.log -f tb.f
*** Using c compiler gcc-4.8 instead of cc ...
                         Chronologic VCS (TM)
         Version L-2016.06_Full64 -- Thu Aug 31 15:46:32 2023
               Copyright (c) 1991-2016 by Synopsys Inc.
                         ALL RIGHTS RESERVED

This program is proprietary and confidential information of Synopsys Inc.
and may be used and disclosed only as authorized in a license agreement
controlling such use and disclosure.


Warning-[LCA_FEATURES_ENABLED] Usage warning
  LCA features enabled by '-lca' argument on the command line.  For more 
  information regarding list of LCA features please refer to Chapter "LCA 
  features" in the VCS/VCS-MX Release Notes

Parsing design file '/home/liuyunqi/software/vcs_2016/etc/uvm-1.2/uvm_pkg.sv'
Parsing included file '/home/liuyunqi/software/vcs_2016/etc/uvm-1.2/uvm_macros.svh'.
Parsing included file '/home/liuyunqi/software/vcs_2016/etc/uvm-1.2/macros/uvm_version_defines.svh'.
Back to file '/home/liuyunqi/software/vcs_2016/etc/uvm-1.2/uvm_macros.svh'.
Parsing included file '/home/liuyunqi/software/vcs_2016/etc/uvm-1.2/macros/uvm_global_defines.svh'.
Back to file '/home/liuyunqi/software/vcs_2016/etc/uvm-1.2/uvm_macros.svh'.
Parsing included file '/home/liuyunqi/software/vcs_2016/etc/uvm-1.2/macros/uvm_message_defines.svh'.
Back to file '/home/liuyunqi/software/vcs_2016/etc/uvm-1.2/uvm_macros.svh'.
Parsing included file '/home/liuyunqi/software/vcs_2016/etc/uvm-1.2/macros/uvm_phase_defines.svh'.
Back to file '/home/liuyunqi/software/vcs_2016/etc/uvm-1.2/uvm_macros.svh'.
Parsing included file '/home/liuyunqi/software/vcs_2016/etc/uvm-1.2/macros/uvm_object_defines.svh'.
Back to file '/home/liuyunqi/software/vcs_2016/etc/uvm-1.2/uvm_macros.svh'.
Parsing included file '/home/liuyunqi/software/vcs_2016/etc/uvm-1.2/macros/uvm_printer_defines.svh'.
Back to file '/home/liuyunqi/software/vcs_2016/etc/uvm-1.2/uvm_macros.svh'.
Parsing included file '/home/liuyunqi/software/vcs_2016/etc/uvm-1.2/macros/uvm_tlm_defines.svh'.
Parsing included file '/home/liuyunqi/software/vcs_2016/etc/uvm-1.2/tlm1/uvm_tlm_imps.svh'.
Back to file '/home/liuyunqi/software/vcs_2016/etc/uvm-1.2/macros/uvm_tlm_defines.svh'.
Back to file '/home/liuyunqi/software/vcs_2016/etc/uvm-1.2/uvm_macros.svh'.
Parsing included file '/home/liuyunqi/software/vcs_2016/etc/uvm-1.2/macros/uvm_sequence_defines.svh'.
Back to file '/home/liuyunqi/software/vcs_2016/etc/uvm-1.2/uvm_macros.svh'.
Parsing included file '/home/liuyunqi/software/vcs_2016/etc/uvm-1.2/macros/uvm_callback_defines.svh'.
Back to file '/home/liuyunqi/software/vcs_2016/etc/uvm-1.2/uvm_macros.svh'.
Parsing included file '/home/liuyunqi/software/vcs_2016/etc/uvm-1.2/macros/uvm_reg_defines.svh'.
Back to file '/home/liuyunqi/software/vcs_2016/etc/uvm-1.2/uvm_macros.svh'.
Parsing included file '/home/liuyunqi/software/vcs_2016/etc/uvm-1.2/macros/uvm_deprecated_defines.svh'.
Back to file '/home/liuyunqi/software/vcs_2016/etc/uvm-1.2/uvm_macros.svh'.
Back to file '/home/liuyunqi/software/vcs_2016/etc/uvm-1.2/uvm_pkg.sv'.
Parsing included file '/home/liuyunqi/software/vcs_2016/etc/uvm-1.2/dpi/uvm_dpi.svh'.
Parsing included file '/home/liuyunqi/software/vcs_2016/etc/uvm-1.2/dpi/uvm_hdl.svh'.
Back to file '/home/liuyunqi/software/vcs_2016/etc/uvm-1.2/dpi/uvm_dpi.svh'.
Parsing included file '/home/liuyunqi/software/vcs_2016/etc/uvm-1.2/dpi/uvm_svcmd_dpi.svh'.
Back to file '/home/liuyunqi/software/vcs_2016/etc/uvm-1.2/dpi/uvm_dpi.svh'.
Parsing included file '/home/liuyunqi/software/vcs_2016/etc/uvm-1.2/dpi/uvm_regex.svh'.
Back to file '/home/liuyunqi/software/vcs_2016/etc/uvm-1.2/dpi/uvm_dpi.svh'.
Back to file '/home/liuyunqi/software/vcs_2016/etc/uvm-1.2/uvm_pkg.sv'.
Parsing included file '/home/liuyunqi/software/vcs_2016/etc/uvm-1.2/base/uvm_base.svh'.
Parsing included file '/home/liuyunqi/software/vcs_2016/etc/uvm-1.2/base/uvm_coreservice.svh'.
Back to file '/home/liuyunqi/software/vcs_2016/etc/uvm-1.2/base/uvm_base.svh'.
Parsing included file '/home/liuyunqi/software/vcs_2016/etc/uvm-1.2/base/uvm_version.svh'.
Back to file '/home/liuyunqi/software/vcs_2016/etc/uvm-1.2/base/uvm_base.svh'.
Parsing included file '/home/liuyunqi/software/vcs_2016/etc/uvm-1.2/base/uvm_object_globals.svh'.
Back to file '/home/liuyunqi/software/vcs_2016/etc/uvm-1.2/base/uvm_base.svh'.
Parsing included file '/home/liuyunqi/software/vcs_2016/etc/uvm-1.2/base/uvm_misc.svh'.
Back to file '/home/liuyunqi/software/vcs_2016/etc/uvm-1.2/base/uvm_base.svh'.
Parsing included file '/home/liuyunqi/software/vcs_2016/etc/uvm-1.2/base/uvm_object.svh'.
Back to file '/home/liuyunqi/software/vcs_2016/etc/uvm-1.2/base/uvm_base.svh'.
Parsing included file '/home/liuyunqi/software/vcs_2016/etc/uvm-1.2/base/uvm_pool.svh'.
Back to file '/home/liuyunqi/software/vcs_2016/etc/uvm-1.2/base/uvm_base.svh'.
Parsing included file '/home/liuyunqi/software/vcs_2016/etc/uvm-1.2/base/uvm_queue.svh'.
Back to file '/home/liuyunqi/software/vcs_2016/etc/uvm-1.2/base/uvm_base.svh'.
Parsing included file '/home/liuyunqi/software/vcs_2016/etc/uvm-1.2/base/uvm_factory.svh'.
Back to file '/home/liuyunqi/software/vcs_2016/etc/uvm-1.2/base/uvm_base.svh'.
Parsing included file '/home/liuyunqi/software/vcs_2016/etc/uvm-1.2/base/uvm_registry.svh'.
Back to file '/home/liuyunqi/software/vcs_2016/etc/uvm-1.2/base/uvm_base.svh'.
Parsing included file '/home/liuyunqi/software/vcs_2016/etc/uvm-1.2/base/uvm_spell_chkr.svh'.
Back to file '/home/liuyunqi/software/vcs_2016/etc/uvm-1.2/base/uvm_base.svh'.
Parsing included file '/home/liuyunqi/software/vcs_2016/etc/uvm-1.2/base/uvm_resource.svh'.
Back to file '/home/liuyunqi/software/vcs_2016/etc/uvm-1.2/base/uvm_base.svh'.
Parsing included file '/home/liuyunqi/software/vcs_2016/etc/uvm-1.2/base/uvm_resource_specializations.svh'.
Back to file '/home/liuyunqi/software/vcs_2016/etc/uvm-1.2/base/uvm_base.svh'.
Parsing included file '/home/liuyunqi/software/vcs_2016/etc/uvm-1.2/base/uvm_resource_db.svh'.
Back to file '/home/liuyunqi/software/vcs_2016/etc/uvm-1.2/base/uvm_base.svh'.
Parsing included file '/home/liuyunqi/software/vcs_2016/etc/uvm-1.2/base/uvm_config_db.svh'.
Back to file '/home/liuyunqi/software/vcs_2016/etc/uvm-1.2/base/uvm_base.svh'.
Parsing included file '/home/liuyunqi/software/vcs_2016/etc/uvm-1.2/base/uvm_printer.svh'.
Back to file '/home/liuyunqi/software/vcs_2016/etc/uvm-1.2/base/uvm_base.svh'.
Parsing included file '/home/liuyunqi/software/vcs_2016/etc/uvm-1.2/base/uvm_comparer.svh'.
Back to file '/home/liuyunqi/software/vcs_2016/etc/uvm-1.2/base/uvm_base.svh'.
Parsing included file '/home/liuyunqi/software/vcs_2016/etc/uvm-1.2/base/uvm_packer.svh'.
Back to file '/home/liuyunqi/software/vcs_2016/etc/uvm-1.2/base/uvm_base.svh'.
Parsing included file '/home/liuyunqi/software/vcs_2016/etc/uvm-1.2/base/uvm_links.svh'.
Back to file '/home/liuyunqi/software/vcs_2016/etc/uvm-1.2/base/uvm_base.svh'.
Parsing included file '/home/liuyunqi/software/vcs_2016/etc/uvm-1.2/base/uvm_tr_database.svh'.
Back to file '/home/liuyunqi/software/vcs_2016/etc/uvm-1.2/base/uvm_base.svh'.
Parsing included file '/home/liuyunqi/software/vcs_2016/etc/uvm-1.2/base/uvm_tr_stream.svh'.
Back to file '/home/liuyunqi/software/vcs_2016/etc/uvm-1.2/base/uvm_base.svh'.
Parsing included file '/home/liuyunqi/software/vcs_2016/etc/uvm-1.2/base/uvm_recorder.svh'.
Back to file '/home/liuyunqi/software/vcs_2016/etc/uvm-1.2/base/uvm_base.svh'.
Parsing included file '/home/liuyunqi/software/vcs_2016/etc/uvm-1.2/base/uvm_event_callback.svh'.
Back to file '/home/liuyunqi/software/vcs_2016/etc/uvm-1.2/base/uvm_base.svh'.
Parsing included file '/home/liuyunqi/software/vcs_2016/etc/uvm-1.2/base/uvm_event.svh'.
Back to file '/home/liuyunqi/software/vcs_2016/etc/uvm-1.2/base/uvm_base.svh'.
Parsing included file '/home/liuyunqi/software/vcs_2016/etc/uvm-1.2/base/uvm_barrier.svh'.
Back to file '/home/liuyunqi/software/vcs_2016/etc/uvm-1.2/base/uvm_base.svh'.
Parsing included file '/home/liuyunqi/software/vcs_2016/etc/uvm-1.2/base/uvm_callback.svh'.
Parsing included file '/home/liuyunqi/software/vcs_2016/etc/uvm-1.2/uvm_macros.svh'.
Back to file '/home/liuyunqi/software/vcs_2016/etc/uvm-1.2/base/uvm_callback.svh'.
Back to file '/home/liuyunqi/software/vcs_2016/etc/uvm-1.2/base/uvm_base.svh'.
Parsing included file '/home/liuyunqi/software/vcs_2016/etc/uvm-1.2/base/uvm_report_message.svh'.
Back to file '/home/liuyunqi/software/vcs_2016/etc/uvm-1.2/base/uvm_base.svh'.
Parsing included file '/home/liuyunqi/software/vcs_2016/etc/uvm-1.2/base/uvm_report_catcher.svh'.
Back to file '/home/liuyunqi/software/vcs_2016/etc/uvm-1.2/base/uvm_base.svh'.
Parsing included file '/home/liuyunqi/software/vcs_2016/etc/uvm-1.2/base/uvm_report_server.svh'.
Back to file '/home/liuyunqi/software/vcs_2016/etc/uvm-1.2/base/uvm_base.svh'.
Parsing included file '/home/liuyunqi/software/vcs_2016/etc/uvm-1.2/base/uvm_report_handler.svh'.
Back to file '/home/liuyunqi/software/vcs_2016/etc/uvm-1.2/base/uvm_base.svh'.
Parsing included file '/home/liuyunqi/software/vcs_2016/etc/uvm-1.2/base/uvm_report_object.svh'.
Back to file '/home/liuyunqi/software/vcs_2016/etc/uvm-1.2/base/uvm_base.svh'.
Parsing included file '/home/liuyunqi/software/vcs_2016/etc/uvm-1.2/base/uvm_transaction.svh'.
Back to file '/home/liuyunqi/software/vcs_2016/etc/uvm-1.2/base/uvm_base.svh'.
Parsing included file '/home/liuyunqi/software/vcs_2016/etc/uvm-1.2/base/uvm_phase.svh'.
Back to file '/home/liuyunqi/software/vcs_2016/etc/uvm-1.2/base/uvm_base.svh'.
Parsing included file '/home/liuyunqi/software/vcs_2016/etc/uvm-1.2/base/uvm_domain.svh'.
Back to file '/home/liuyunqi/software/vcs_2016/etc/uvm-1.2/base/uvm_base.svh'.
Parsing included file '/home/liuyunqi/software/vcs_2016/etc/uvm-1.2/base/uvm_bottomup_phase.svh'.
Back to file '/home/liuyunqi/software/vcs_2016/etc/uvm-1.2/base/uvm_base.svh'.
Parsing included file '/home/liuyunqi/software/vcs_2016/etc/uvm-1.2/base/uvm_topdown_phase.svh'.
Back to file '/home/liuyunqi/software/vcs_2016/etc/uvm-1.2/base/uvm_base.svh'.
Parsing included file '/home/liuyunqi/software/vcs_2016/etc/uvm-1.2/base/uvm_task_phase.svh'.
Back to file '/home/liuyunqi/software/vcs_2016/etc/uvm-1.2/base/uvm_base.svh'.
Parsing included file '/home/liuyunqi/software/vcs_2016/etc/uvm-1.2/base/uvm_common_phases.svh'.
Back to file '/home/liuyunqi/software/vcs_2016/etc/uvm-1.2/base/uvm_base.svh'.
Parsing included file '/home/liuyunqi/software/vcs_2016/etc/uvm-1.2/base/uvm_runtime_phases.svh'.
Back to file '/home/liuyunqi/software/vcs_2016/etc/uvm-1.2/base/uvm_base.svh'.
Parsing included file '/home/liuyunqi/software/vcs_2016/etc/uvm-1.2/base/uvm_component.svh'.
Parsing included file '/home/liuyunqi/software/vcs_2016/etc/uvm-1.2/base/uvm_root.svh'.
Back to file '/home/liuyunqi/software/vcs_2016/etc/uvm-1.2/base/uvm_component.svh'.
Back to file '/home/liuyunqi/software/vcs_2016/etc/uvm-1.2/base/uvm_base.svh'.
Parsing included file '/home/liuyunqi/software/vcs_2016/etc/uvm-1.2/base/uvm_objection.svh'.
Back to file '/home/liuyunqi/software/vcs_2016/etc/uvm-1.2/base/uvm_base.svh'.
Parsing included file '/home/liuyunqi/software/vcs_2016/etc/uvm-1.2/base/uvm_heartbeat.svh'.
Back to file '/home/liuyunqi/software/vcs_2016/etc/uvm-1.2/base/uvm_base.svh'.
Parsing included file '/home/liuyunqi/software/vcs_2016/etc/uvm-1.2/base/uvm_globals.svh'.
Back to file '/home/liuyunqi/software/vcs_2016/etc/uvm-1.2/base/uvm_base.svh'.
Parsing included file '/home/liuyunqi/software/vcs_2016/etc/uvm-1.2/base/uvm_cmdline_processor.svh'.
Back to file '/home/liuyunqi/software/vcs_2016/etc/uvm-1.2/base/uvm_base.svh'.
Parsing included file '/home/liuyunqi/software/vcs_2016/etc/uvm-1.2/base/uvm_traversal.svh'.
Back to file '/home/liuyunqi/software/vcs_2016/etc/uvm-1.2/base/uvm_base.svh'.
Back to file '/home/liuyunqi/software/vcs_2016/etc/uvm-1.2/uvm_pkg.sv'.
Parsing included file '/home/liuyunqi/software/vcs_2016/etc/uvm-1.2/dap/uvm_dap.svh'.
Parsing included file '/home/liuyunqi/software/vcs_2016/etc/uvm-1.2/dap/uvm_set_get_dap_base.svh'.
Back to file '/home/liuyunqi/software/vcs_2016/etc/uvm-1.2/dap/uvm_dap.svh'.
Parsing included file '/home/liuyunqi/software/vcs_2016/etc/uvm-1.2/dap/uvm_simple_lock_dap.svh'.
Back to file '/home/liuyunqi/software/vcs_2016/etc/uvm-1.2/dap/uvm_dap.svh'.
Parsing included file '/home/liuyunqi/software/vcs_2016/etc/uvm-1.2/dap/uvm_get_to_lock_dap.svh'.
Back to file '/home/liuyunqi/software/vcs_2016/etc/uvm-1.2/dap/uvm_dap.svh'.
Parsing included file '/home/liuyunqi/software/vcs_2016/etc/uvm-1.2/dap/uvm_set_before_get_dap.svh'.
Back to file '/home/liuyunqi/software/vcs_2016/etc/uvm-1.2/dap/uvm_dap.svh'.
Back to file '/home/liuyunqi/software/vcs_2016/etc/uvm-1.2/uvm_pkg.sv'.
Parsing included file '/home/liuyunqi/software/vcs_2016/etc/uvm-1.2/tlm1/uvm_tlm.svh'.
Parsing included file '/home/liuyunqi/software/vcs_2016/etc/uvm-1.2/tlm1/uvm_tlm_ifs.svh'.
Back to file '/home/liuyunqi/software/vcs_2016/etc/uvm-1.2/tlm1/uvm_tlm.svh'.
Parsing included file '/home/liuyunqi/software/vcs_2016/etc/uvm-1.2/tlm1/uvm_sqr_ifs.svh'.
Back to file '/home/liuyunqi/software/vcs_2016/etc/uvm-1.2/tlm1/uvm_tlm.svh'.
Parsing included file '/home/liuyunqi/software/vcs_2016/etc/uvm-1.2/base/uvm_port_base.svh'.
Back to file '/home/liuyunqi/software/vcs_2016/etc/uvm-1.2/tlm1/uvm_tlm.svh'.
Parsing included file '/home/liuyunqi/software/vcs_2016/etc/uvm-1.2/tlm1/uvm_imps.svh'.
Back to file '/home/liuyunqi/software/vcs_2016/etc/uvm-1.2/tlm1/uvm_tlm.svh'.
Parsing included file '/home/liuyunqi/software/vcs_2016/etc/uvm-1.2/tlm1/uvm_ports.svh'.
Back to file '/home/liuyunqi/software/vcs_2016/etc/uvm-1.2/tlm1/uvm_tlm.svh'.
Parsing included file '/home/liuyunqi/software/vcs_2016/etc/uvm-1.2/tlm1/uvm_exports.svh'.
Back to file '/home/liuyunqi/software/vcs_2016/etc/uvm-1.2/tlm1/uvm_tlm.svh'.
Parsing included file '/home/liuyunqi/software/vcs_2016/etc/uvm-1.2/tlm1/uvm_analysis_port.svh'.
Back to file '/home/liuyunqi/software/vcs_2016/etc/uvm-1.2/tlm1/uvm_tlm.svh'.
Parsing included file '/home/liuyunqi/software/vcs_2016/etc/uvm-1.2/tlm1/uvm_tlm_fifo_base.svh'.
Back to file '/home/liuyunqi/software/vcs_2016/etc/uvm-1.2/tlm1/uvm_tlm.svh'.
Parsing included file '/home/liuyunqi/software/vcs_2016/etc/uvm-1.2/tlm1/uvm_tlm_fifos.svh'.
Back to file '/home/liuyunqi/software/vcs_2016/etc/uvm-1.2/tlm1/uvm_tlm.svh'.
Parsing included file '/home/liuyunqi/software/vcs_2016/etc/uvm-1.2/tlm1/uvm_tlm_req_rsp.svh'.
Back to file '/home/liuyunqi/software/vcs_2016/etc/uvm-1.2/tlm1/uvm_tlm.svh'.
Parsing included file '/home/liuyunqi/software/vcs_2016/etc/uvm-1.2/tlm1/uvm_sqr_connections.svh'.
Back to file '/home/liuyunqi/software/vcs_2016/etc/uvm-1.2/tlm1/uvm_tlm.svh'.
Back to file '/home/liuyunqi/software/vcs_2016/etc/uvm-1.2/uvm_pkg.sv'.
Parsing included file '/home/liuyunqi/software/vcs_2016/etc/uvm-1.2/comps/uvm_comps.svh'.
Parsing included file '/home/liuyunqi/software/vcs_2016/etc/uvm-1.2/comps/uvm_pair.svh'.
Back to file '/home/liuyunqi/software/vcs_2016/etc/uvm-1.2/comps/uvm_comps.svh'.
Parsing included file '/home/liuyunqi/software/vcs_2016/etc/uvm-1.2/comps/uvm_policies.svh'.
Back to file '/home/liuyunqi/software/vcs_2016/etc/uvm-1.2/comps/uvm_comps.svh'.
Parsing included file '/home/liuyunqi/software/vcs_2016/etc/uvm-1.2/comps/uvm_in_order_comparator.svh'.
Back to file '/home/liuyunqi/software/vcs_2016/etc/uvm-1.2/comps/uvm_comps.svh'.
Parsing included file '/home/liuyunqi/software/vcs_2016/etc/uvm-1.2/comps/uvm_algorithmic_comparator.svh'.
Back to file '/home/liuyunqi/software/vcs_2016/etc/uvm-1.2/comps/uvm_comps.svh'.
Parsing included file '/home/liuyunqi/software/vcs_2016/etc/uvm-1.2/comps/uvm_random_stimulus.svh'.
Back to file '/home/liuyunqi/software/vcs_2016/etc/uvm-1.2/comps/uvm_comps.svh'.
Parsing included file '/home/liuyunqi/software/vcs_2016/etc/uvm-1.2/comps/uvm_subscriber.svh'.
Back to file '/home/liuyunqi/software/vcs_2016/etc/uvm-1.2/comps/uvm_comps.svh'.
Parsing included file '/home/liuyunqi/software/vcs_2016/etc/uvm-1.2/comps/uvm_monitor.svh'.
Back to file '/home/liuyunqi/software/vcs_2016/etc/uvm-1.2/comps/uvm_comps.svh'.
Parsing included file '/home/liuyunqi/software/vcs_2016/etc/uvm-1.2/comps/uvm_driver.svh'.
Back to file '/home/liuyunqi/software/vcs_2016/etc/uvm-1.2/comps/uvm_comps.svh'.
Parsing included file '/home/liuyunqi/software/vcs_2016/etc/uvm-1.2/comps/uvm_push_driver.svh'.
Back to file '/home/liuyunqi/software/vcs_2016/etc/uvm-1.2/comps/uvm_comps.svh'.
Parsing included file '/home/liuyunqi/software/vcs_2016/etc/uvm-1.2/comps/uvm_scoreboard.svh'.
Back to file '/home/liuyunqi/software/vcs_2016/etc/uvm-1.2/comps/uvm_comps.svh'.
Parsing included file '/home/liuyunqi/software/vcs_2016/etc/uvm-1.2/comps/uvm_agent.svh'.
Back to file '/home/liuyunqi/software/vcs_2016/etc/uvm-1.2/comps/uvm_comps.svh'.
Parsing included file '/home/liuyunqi/software/vcs_2016/etc/uvm-1.2/comps/uvm_env.svh'.
Back to file '/home/liuyunqi/software/vcs_2016/etc/uvm-1.2/comps/uvm_comps.svh'.
Parsing included file '/home/liuyunqi/software/vcs_2016/etc/uvm-1.2/comps/uvm_test.svh'.
Back to file '/home/liuyunqi/software/vcs_2016/etc/uvm-1.2/comps/uvm_comps.svh'.
Back to file '/home/liuyunqi/software/vcs_2016/etc/uvm-1.2/uvm_pkg.sv'.
Parsing included file '/home/liuyunqi/software/vcs_2016/etc/uvm-1.2/seq/uvm_seq.svh'.
Parsing included file '/home/liuyunqi/software/vcs_2016/etc/uvm-1.2/seq/uvm_sequence_item.svh'.
Back to file '/home/liuyunqi/software/vcs_2016/etc/uvm-1.2/seq/uvm_seq.svh'.
Parsing included file '/home/liuyunqi/software/vcs_2016/etc/uvm-1.2/seq/uvm_sequencer_base.svh'.
Back to file '/home/liuyunqi/software/vcs_2016/etc/uvm-1.2/seq/uvm_seq.svh'.
Parsing included file '/home/liuyunqi/software/vcs_2016/etc/uvm-1.2/seq/uvm_sequencer_analysis_fifo.svh'.
Back to file '/home/liuyunqi/software/vcs_2016/etc/uvm-1.2/seq/uvm_seq.svh'.
Parsing included file '/home/liuyunqi/software/vcs_2016/etc/uvm-1.2/seq/uvm_sequencer_param_base.svh'.
Back to file '/home/liuyunqi/software/vcs_2016/etc/uvm-1.2/seq/uvm_seq.svh'.
Parsing included file '/home/liuyunqi/software/vcs_2016/etc/uvm-1.2/seq/uvm_sequencer.svh'.
Back to file '/home/liuyunqi/software/vcs_2016/etc/uvm-1.2/seq/uvm_seq.svh'.
Parsing included file '/home/liuyunqi/software/vcs_2016/etc/uvm-1.2/seq/uvm_push_sequencer.svh'.
Back to file '/home/liuyunqi/software/vcs_2016/etc/uvm-1.2/seq/uvm_seq.svh'.
Parsing included file '/home/liuyunqi/software/vcs_2016/etc/uvm-1.2/seq/uvm_sequence_base.svh'.
Back to file '/home/liuyunqi/software/vcs_2016/etc/uvm-1.2/seq/uvm_seq.svh'.
Parsing included file '/home/liuyunqi/software/vcs_2016/etc/uvm-1.2/seq/uvm_sequence.svh'.
Back to file '/home/liuyunqi/software/vcs_2016/etc/uvm-1.2/seq/uvm_seq.svh'.
Parsing included file '/home/liuyunqi/software/vcs_2016/etc/uvm-1.2/seq/uvm_sequence_library.svh'.
Back to file '/home/liuyunqi/software/vcs_2016/etc/uvm-1.2/seq/uvm_seq.svh'.
Parsing included file '/home/liuyunqi/software/vcs_2016/etc/uvm-1.2/seq/uvm_sequence_builtin.svh'.
Back to file '/home/liuyunqi/software/vcs_2016/etc/uvm-1.2/seq/uvm_seq.svh'.
Back to file '/home/liuyunqi/software/vcs_2016/etc/uvm-1.2/uvm_pkg.sv'.
Parsing included file '/home/liuyunqi/software/vcs_2016/etc/uvm-1.2/tlm2/uvm_tlm2.svh'.
Parsing included file '/home/liuyunqi/software/vcs_2016/etc/uvm-1.2/tlm2/uvm_tlm2_defines.svh'.
Back to file '/home/liuyunqi/software/vcs_2016/etc/uvm-1.2/tlm2/uvm_tlm2.svh'.
Parsing included file '/home/liuyunqi/software/vcs_2016/etc/uvm-1.2/tlm2/uvm_tlm2_time.svh'.
Back to file '/home/liuyunqi/software/vcs_2016/etc/uvm-1.2/tlm2/uvm_tlm2.svh'.
Parsing included file '/home/liuyunqi/software/vcs_2016/etc/uvm-1.2/tlm2/uvm_tlm2_generic_payload.svh'.
Back to file '/home/liuyunqi/software/vcs_2016/etc/uvm-1.2/tlm2/uvm_tlm2.svh'.
Parsing included file '/home/liuyunqi/software/vcs_2016/etc/uvm-1.2/tlm2/uvm_tlm2_ifs.svh'.
Back to file '/home/liuyunqi/software/vcs_2016/etc/uvm-1.2/tlm2/uvm_tlm2.svh'.
Parsing included file '/home/liuyunqi/software/vcs_2016/etc/uvm-1.2/tlm2/uvm_tlm2_imps.svh'.
Back to file '/home/liuyunqi/software/vcs_2016/etc/uvm-1.2/tlm2/uvm_tlm2.svh'.
Parsing included file '/home/liuyunqi/software/vcs_2016/etc/uvm-1.2/tlm2/uvm_tlm2_ports.svh'.
Back to file '/home/liuyunqi/software/vcs_2016/etc/uvm-1.2/tlm2/uvm_tlm2.svh'.
Parsing included file '/home/liuyunqi/software/vcs_2016/etc/uvm-1.2/tlm2/uvm_tlm2_exports.svh'.
Back to file '/home/liuyunqi/software/vcs_2016/etc/uvm-1.2/tlm2/uvm_tlm2.svh'.
Parsing included file '/home/liuyunqi/software/vcs_2016/etc/uvm-1.2/tlm2/uvm_tlm2_sockets_base.svh'.
Back to file '/home/liuyunqi/software/vcs_2016/etc/uvm-1.2/tlm2/uvm_tlm2.svh'.
Parsing included file '/home/liuyunqi/software/vcs_2016/etc/uvm-1.2/tlm2/uvm_tlm2_sockets.svh'.
Back to file '/home/liuyunqi/software/vcs_2016/etc/uvm-1.2/tlm2/uvm_tlm2.svh'.
Back to file '/home/liuyunqi/software/vcs_2016/etc/uvm-1.2/uvm_pkg.sv'.
Parsing included file '/home/liuyunqi/software/vcs_2016/etc/uvm-1.2/reg/uvm_reg_model.svh'.
Parsing included file '/home/liuyunqi/software/vcs_2016/etc/uvm-1.2/reg/uvm_reg_item.svh'.
Back to file '/home/liuyunqi/software/vcs_2016/etc/uvm-1.2/reg/uvm_reg_model.svh'.
Parsing included file '/home/liuyunqi/software/vcs_2016/etc/uvm-1.2/reg/uvm_reg_adapter.svh'.
Back to file '/home/liuyunqi/software/vcs_2016/etc/uvm-1.2/reg/uvm_reg_model.svh'.
Parsing included file '/home/liuyunqi/software/vcs_2016/etc/uvm-1.2/reg/uvm_reg_predictor.svh'.
Back to file '/home/liuyunqi/software/vcs_2016/etc/uvm-1.2/reg/uvm_reg_model.svh'.
Parsing included file '/home/liuyunqi/software/vcs_2016/etc/uvm-1.2/reg/uvm_reg_sequence.svh'.
Back to file '/home/liuyunqi/software/vcs_2016/etc/uvm-1.2/reg/uvm_reg_model.svh'.
Parsing included file '/home/liuyunqi/software/vcs_2016/etc/uvm-1.2/reg/uvm_reg_cbs.svh'.
Back to file '/home/liuyunqi/software/vcs_2016/etc/uvm-1.2/reg/uvm_reg_model.svh'.
Parsing included file '/home/liuyunqi/software/vcs_2016/etc/uvm-1.2/reg/uvm_reg_backdoor.svh'.
Back to file '/home/liuyunqi/software/vcs_2016/etc/uvm-1.2/reg/uvm_reg_model.svh'.
Parsing included file '/home/liuyunqi/software/vcs_2016/etc/uvm-1.2/reg/uvm_reg_field.svh'.
Back to file '/home/liuyunqi/software/vcs_2016/etc/uvm-1.2/reg/uvm_reg_model.svh'.
Parsing included file '/home/liuyunqi/software/vcs_2016/etc/uvm-1.2/reg/uvm_vreg_field.svh'.
Back to file '/home/liuyunqi/software/vcs_2016/etc/uvm-1.2/reg/uvm_reg_model.svh'.
Parsing included file '/home/liuyunqi/software/vcs_2016/etc/uvm-1.2/reg/uvm_reg.svh'.
Back to file '/home/liuyunqi/software/vcs_2016/etc/uvm-1.2/reg/uvm_reg_model.svh'.
Parsing included file '/home/liuyunqi/software/vcs_2016/etc/uvm-1.2/reg/uvm_reg_indirect.svh'.
Back to file '/home/liuyunqi/software/vcs_2016/etc/uvm-1.2/reg/uvm_reg_model.svh'.
Parsing included file '/home/liuyunqi/software/vcs_2016/etc/uvm-1.2/reg/uvm_reg_fifo.svh'.
Back to file '/home/liuyunqi/software/vcs_2016/etc/uvm-1.2/reg/uvm_reg_model.svh'.
Parsing included file '/home/liuyunqi/software/vcs_2016/etc/uvm-1.2/reg/uvm_reg_file.svh'.
Back to file '/home/liuyunqi/software/vcs_2016/etc/uvm-1.2/reg/uvm_reg_model.svh'.
Parsing included file '/home/liuyunqi/software/vcs_2016/etc/uvm-1.2/reg/uvm_mem_mam.svh'.
Back to file '/home/liuyunqi/software/vcs_2016/etc/uvm-1.2/reg/uvm_reg_model.svh'.
Parsing included file '/home/liuyunqi/software/vcs_2016/etc/uvm-1.2/reg/uvm_vreg.svh'.
Back to file '/home/liuyunqi/software/vcs_2016/etc/uvm-1.2/reg/uvm_reg_model.svh'.
Parsing included file '/home/liuyunqi/software/vcs_2016/etc/uvm-1.2/reg/uvm_mem.svh'.
Back to file '/home/liuyunqi/software/vcs_2016/etc/uvm-1.2/reg/uvm_reg_model.svh'.
Parsing included file '/home/liuyunqi/software/vcs_2016/etc/uvm-1.2/reg/uvm_reg_map.svh'.
Back to file '/home/liuyunqi/software/vcs_2016/etc/uvm-1.2/reg/uvm_reg_model.svh'.
Parsing included file '/home/liuyunqi/software/vcs_2016/etc/uvm-1.2/reg/uvm_reg_block.svh'.
Back to file '/home/liuyunqi/software/vcs_2016/etc/uvm-1.2/reg/uvm_reg_model.svh'.
Parsing included file '/home/liuyunqi/software/vcs_2016/etc/uvm-1.2/reg/sequences/uvm_reg_hw_reset_seq.svh'.
Back to file '/home/liuyunqi/software/vcs_2016/etc/uvm-1.2/reg/uvm_reg_model.svh'.
Parsing included file '/home/liuyunqi/software/vcs_2016/etc/uvm-1.2/reg/sequences/uvm_reg_bit_bash_seq.svh'.
Back to file '/home/liuyunqi/software/vcs_2016/etc/uvm-1.2/reg/uvm_reg_model.svh'.
Parsing included file '/home/liuyunqi/software/vcs_2016/etc/uvm-1.2/reg/sequences/uvm_mem_walk_seq.svh'.
Back to file '/home/liuyunqi/software/vcs_2016/etc/uvm-1.2/reg/uvm_reg_model.svh'.
Parsing included file '/home/liuyunqi/software/vcs_2016/etc/uvm-1.2/reg/sequences/uvm_mem_access_seq.svh'.
Back to file '/home/liuyunqi/software/vcs_2016/etc/uvm-1.2/reg/uvm_reg_model.svh'.
Parsing included file '/home/liuyunqi/software/vcs_2016/etc/uvm-1.2/reg/sequences/uvm_reg_access_seq.svh'.
Back to file '/home/liuyunqi/software/vcs_2016/etc/uvm-1.2/reg/uvm_reg_model.svh'.
Parsing included file '/home/liuyunqi/software/vcs_2016/etc/uvm-1.2/reg/sequences/uvm_reg_mem_shared_access_seq.svh'.
Back to file '/home/liuyunqi/software/vcs_2016/etc/uvm-1.2/reg/uvm_reg_model.svh'.
Parsing included file '/home/liuyunqi/software/vcs_2016/etc/uvm-1.2/reg/sequences/uvm_reg_mem_built_in_seq.svh'.
Back to file '/home/liuyunqi/software/vcs_2016/etc/uvm-1.2/reg/uvm_reg_model.svh'.
Parsing included file '/home/liuyunqi/software/vcs_2016/etc/uvm-1.2/reg/sequences/uvm_reg_mem_hdl_paths_seq.svh'.
Back to file '/home/liuyunqi/software/vcs_2016/etc/uvm-1.2/reg/uvm_reg_model.svh'.
Parsing included file '/home/liuyunqi/software/vcs_2016/etc/uvm-1.2/reg/snps_uvm_reg_bank.svh'.
Back to file '/home/liuyunqi/software/vcs_2016/etc/uvm-1.2/reg/uvm_reg_model.svh'.
Back to file '/home/liuyunqi/software/vcs_2016/etc/uvm-1.2/uvm_pkg.sv'.
Parsing design file './uvc/yuu_common/include/yuu_common_pkg.sv'
Parsing included file './uvc/yuu_common/src/sv/yuu_common_define.svh'.
Back to file './uvc/yuu_common/include/yuu_common_pkg.sv'.
Parsing included file './uvc/yuu_common/src/sv/yuu_common_type.sv'.
Back to file './uvc/yuu_common/include/yuu_common_pkg.sv'.
Parsing included file './uvc/yuu_common/src/sv/yuu_common_tools.sv'.
Back to file './uvc/yuu_common/include/yuu_common_pkg.sv'.
Parsing included file './uvc/yuu_common/src/sv/yuu_common_addr_map.sv'.
Back to file './uvc/yuu_common/include/yuu_common_pkg.sv'.
Parsing included file './uvc/yuu_common/src/sv/yuu_common_config_parser.sv'.
Back to file './uvc/yuu_common/include/yuu_common_pkg.sv'.
Parsing included file './uvc/yuu_common/src/sv/yuu_common_field.sv'.
Back to file './uvc/yuu_common/include/yuu_common_pkg.sv'.
Parsing included file './uvc/yuu_common/src/sv/yuu_common_file.sv'.
Back to file './uvc/yuu_common/include/yuu_common_pkg.sv'.
Parsing included file './uvc/yuu_common/src/sv/yuu_common_memory.sv'.
Back to file './uvc/yuu_common/include/yuu_common_pkg.sv'.
Parsing included file './uvc/yuu_common/src/sv/yuu_common_print.sv'.
Back to file './uvc/yuu_common/include/yuu_common_pkg.sv'.
Parsing included file './uvc/yuu_common/src/sv/yuu_common_register.sv'.
Back to file './uvc/yuu_common/include/yuu_common_pkg.sv'.
Parsing design file './uvc/yuu_amba/include/yuu_amba_pkg.sv'
Parsing included file './uvc/yuu_amba/include/yuu_amba_defines.svh'.
Back to file './uvc/yuu_amba/include/yuu_amba_pkg.sv'.
Parsing included file '/home/liuyunqi/software/vcs_2016/etc/uvm-1.2/uvm_macros.svh'.
Back to file './uvc/yuu_amba/include/yuu_amba_pkg.sv'.
Parsing included file './uvc/yuu_amba/src/sv/yuu_amba_type.svh'.
Back to file './uvc/yuu_amba/include/yuu_amba_pkg.sv'.
Parsing included file './uvc/yuu_amba/src/sv/yuu_amba_item.svh'.
Back to file './uvc/yuu_amba/include/yuu_amba_pkg.sv'.
Parsing included file './uvc/yuu_amba/src/sv/yuu_amba_addr_map.sv'.
Back to file './uvc/yuu_amba/include/yuu_amba_pkg.sv'.
Parsing design file './uvc/yuu_apb/include/yuu_apb_pkg.sv'
Parsing included file './uvc/yuu_apb/include/yuu_apb_defines.svh'.
Back to file './uvc/yuu_apb/include/yuu_apb_pkg.sv'.
Parsing included file './uvc/yuu_apb/include/yuu_apb_interface.svi'.
Parsing included file './uvc/yuu_apb/src/sv/yuu_apb_master/yuu_apb_master_interface.svi'.
Back to file './uvc/yuu_apb/include/yuu_apb_interface.svi'.
Parsing included file './uvc/yuu_apb/src/sv/yuu_apb_slave/yuu_apb_slave_interface.svi'.
Back to file './uvc/yuu_apb/include/yuu_apb_interface.svi'.
Back to file './uvc/yuu_apb/include/yuu_apb_pkg.sv'.
Parsing included file '/home/liuyunqi/software/vcs_2016/etc/uvm-1.2/uvm_macros.svh'.
Back to file './uvc/yuu_apb/include/yuu_apb_pkg.sv'.
Parsing included file './uvc/yuu_apb/src/sv/yuu_apb_common/yuu_apb_common_pkg.svh'.
Parsing included file './uvc/yuu_apb/src/sv/yuu_apb_common/yuu_apb_type.sv'.
Back to file './uvc/yuu_apb/src/sv/yuu_apb_common/yuu_apb_common_pkg.svh'.
Parsing included file './uvc/yuu_apb/src/sv/yuu_apb_common/yuu_apb_error.sv'.
Back to file './uvc/yuu_apb/src/sv/yuu_apb_common/yuu_apb_common_pkg.svh'.
Parsing included file './uvc/yuu_apb/src/sv/yuu_apb_common/yuu_apb_item.sv'.
Back to file './uvc/yuu_apb/src/sv/yuu_apb_common/yuu_apb_common_pkg.svh'.
Parsing included file './uvc/yuu_apb/src/sv/yuu_apb_common/yuu_apb_agent_config.sv'.
Back to file './uvc/yuu_apb/src/sv/yuu_apb_common/yuu_apb_common_pkg.svh'.
Back to file './uvc/yuu_apb/include/yuu_apb_pkg.sv'.
Parsing included file './uvc/yuu_apb/src/sv/yuu_apb_master/yuu_apb_master_pkg.svh'.
Parsing included file './uvc/yuu_apb/src/sv/yuu_apb_master/yuu_apb_master_config.sv'.
Back to file './uvc/yuu_apb/src/sv/yuu_apb_master/yuu_apb_master_pkg.svh'.
Parsing included file './uvc/yuu_apb/src/sv/yuu_apb_master/yuu_apb_master_item.sv'.
Back to file './uvc/yuu_apb/src/sv/yuu_apb_master/yuu_apb_master_pkg.svh'.
Parsing included file './uvc/yuu_apb/src/sv/yuu_apb_master/yuu_apb_master_sequence_lib.sv'.
Back to file './uvc/yuu_apb/src/sv/yuu_apb_master/yuu_apb_master_pkg.svh'.
Parsing included file './uvc/yuu_apb/src/sv/yuu_apb_master/yuu_apb_master_callbacks.sv'.
Back to file './uvc/yuu_apb/src/sv/yuu_apb_master/yuu_apb_master_pkg.svh'.
Parsing included file './uvc/yuu_apb/src/sv/yuu_apb_master/yuu_apb_master_sequencer.sv'.
Back to file './uvc/yuu_apb/src/sv/yuu_apb_master/yuu_apb_master_pkg.svh'.
Parsing included file './uvc/yuu_apb/src/sv/yuu_apb_master/yuu_apb_master_driver.sv'.
Back to file './uvc/yuu_apb/src/sv/yuu_apb_master/yuu_apb_master_pkg.svh'.
Parsing included file './uvc/yuu_apb/src/sv/yuu_apb_master/yuu_apb_master_monitor.sv'.
Back to file './uvc/yuu_apb/src/sv/yuu_apb_master/yuu_apb_master_pkg.svh'.
Parsing included file './uvc/yuu_apb/src/sv/yuu_apb_master/yuu_apb_master_analyzer.sv'.
Back to file './uvc/yuu_apb/src/sv/yuu_apb_master/yuu_apb_master_pkg.svh'.
Parsing included file './uvc/yuu_apb/src/sv/yuu_apb_master/yuu_apb_master_collector.sv'.
Back to file './uvc/yuu_apb/src/sv/yuu_apb_master/yuu_apb_master_pkg.svh'.
Parsing included file './uvc/yuu_apb/src/sv/yuu_apb_master/yuu_apb_master_adapter.sv'.
Back to file './uvc/yuu_apb/src/sv/yuu_apb_master/yuu_apb_master_pkg.svh'.
Parsing included file './uvc/yuu_apb/src/sv/yuu_apb_master/yuu_apb_master_agent.sv'.
Back to file './uvc/yuu_apb/src/sv/yuu_apb_master/yuu_apb_master_pkg.svh'.
Back to file './uvc/yuu_apb/include/yuu_apb_pkg.sv'.
Parsing included file './uvc/yuu_apb/src/sv/yuu_apb_slave/yuu_apb_slave_pkg.svh'.
Parsing included file './uvc/yuu_apb/src/sv/yuu_apb_slave/yuu_apb_slave_config.sv'.
Back to file './uvc/yuu_apb/src/sv/yuu_apb_slave/yuu_apb_slave_pkg.svh'.
Parsing included file './uvc/yuu_apb/src/sv/yuu_apb_slave/yuu_apb_slave_item.sv'.
Back to file './uvc/yuu_apb/src/sv/yuu_apb_slave/yuu_apb_slave_pkg.svh'.
Parsing included file './uvc/yuu_apb/src/sv/yuu_apb_slave/yuu_apb_slave_memory.sv'.
Back to file './uvc/yuu_apb/src/sv/yuu_apb_slave/yuu_apb_slave_pkg.svh'.
Parsing included file './uvc/yuu_apb/src/sv/yuu_apb_slave/yuu_apb_slave_sequence_lib.sv'.
Back to file './uvc/yuu_apb/src/sv/yuu_apb_slave/yuu_apb_slave_pkg.svh'.
Parsing included file './uvc/yuu_apb/src/sv/yuu_apb_slave/yuu_apb_slave_callbacks.sv'.
Back to file './uvc/yuu_apb/src/sv/yuu_apb_slave/yuu_apb_slave_pkg.svh'.
Parsing included file './uvc/yuu_apb/src/sv/yuu_apb_slave/yuu_apb_slave_sequencer.sv'.
Back to file './uvc/yuu_apb/src/sv/yuu_apb_slave/yuu_apb_slave_pkg.svh'.
Parsing included file './uvc/yuu_apb/src/sv/yuu_apb_slave/yuu_apb_slave_driver.sv'.
Back to file './uvc/yuu_apb/src/sv/yuu_apb_slave/yuu_apb_slave_pkg.svh'.
Parsing included file './uvc/yuu_apb/src/sv/yuu_apb_slave/yuu_apb_slave_monitor.sv'.
Back to file './uvc/yuu_apb/src/sv/yuu_apb_slave/yuu_apb_slave_pkg.svh'.
Parsing included file './uvc/yuu_apb/src/sv/yuu_apb_slave/yuu_apb_slave_analyzer.sv'.
Back to file './uvc/yuu_apb/src/sv/yuu_apb_slave/yuu_apb_slave_pkg.svh'.
Parsing included file './uvc/yuu_apb/src/sv/yuu_apb_slave/yuu_apb_slave_collector.sv'.
Back to file './uvc/yuu_apb/src/sv/yuu_apb_slave/yuu_apb_slave_pkg.svh'.
Parsing included file './uvc/yuu_apb/src/sv/yuu_apb_slave/yuu_apb_slave_agent.sv'.
Back to file './uvc/yuu_apb/src/sv/yuu_apb_slave/yuu_apb_slave_pkg.svh'.
Back to file './uvc/yuu_apb/include/yuu_apb_pkg.sv'.
Parsing included file './uvc/yuu_apb/src/sv/yuu_apb_env/yuu_apb_env_pkg.svh'.
Parsing included file './uvc/yuu_apb/src/sv/yuu_apb_env/yuu_apb_env_config.sv'.
Back to file './uvc/yuu_apb/src/sv/yuu_apb_env/yuu_apb_env_pkg.svh'.
Parsing included file './uvc/yuu_apb/src/sv/yuu_apb_env/yuu_apb_virtual_sequencer.sv'.
Back to file './uvc/yuu_apb/src/sv/yuu_apb_env/yuu_apb_env_pkg.svh'.
Parsing included file './uvc/yuu_apb/src/sv/yuu_apb_env/yuu_apb_env.sv'.
Back to file './uvc/yuu_apb/src/sv/yuu_apb_env/yuu_apb_env_pkg.svh'.
Back to file './uvc/yuu_apb/include/yuu_apb_pkg.sv'.
Parsing design file './reg_bank_tables/rtl/RegSpaceAPB_cfg_reg_bank_tables/RegSpaceBase_cfg_reg_bank_tables.v'
Parsing design file './reg_bank_tables/rtl/RegSpaceAPB_cfg_reg_bank_tables/RegSpaceAPB_cfg_reg_bank_tables.v'
Parsing design file './tb.sv'
Parsing included file '/home/liuyunqi/software/vcs_2016/etc/uvm-1.2/uvm_macros.svh'.
Back to file './tb.sv'.
Parsing included file './reg_bank_tables/ral_model/ral_block_reg_bank_tables.sv'.
Back to file './tb.sv'.
Parsing included file './test/yuu_apb_base_case.sv'.
Parsing included file './test/yuu_apb_ral_case.sv'.
Back to file './test/yuu_apb_base_case.sv'.
Back to file './tb.sv'.
Top Level Modules:
       tb_top
TimeScale is 1 ns / 1 ps

Warning-[TFIPC] Too few instance port connections
./tb.sv, 35
"RegSpaceAPB_cfg_reg_bank_tables u_dut();"
  The above instance has fewer port connections than the module definition.
  Please use '+lint=TFIPC-L' to print out detailed information of unconnected 
  ports.


Warning-[ENUMASSIGN] Illegal assignment to enum variable
./test/yuu_apb_base_case.sv, 23
"m_cfg.apb3_enable = 1;"
  Only expressions of the enum type can be assigned to an enum variable. 
  The type int is incompatible with the enum 'boolean'
  Expression: 1
  Use the static cast operator to convert the expression to enum type.


Warning-[ENUMASSIGN] Illegal assignment to enum variable
./test/yuu_apb_base_case.sv, 24
"m_cfg.apb4_enable = 1;"
  Only expressions of the enum type can be assigned to an enum variable. 
  The type int is incompatible with the enum 'boolean'
  Expression: 1
  Use the static cast operator to convert the expression to enum type.


Warning-[ENUMASSIGN] Illegal assignment to enum variable
./test/yuu_apb_base_case.sv, 25
"m_cfg.idle_enable = 1;"
  Only expressions of the enum type can be assigned to an enum variable. 
  The type int is incompatible with the enum 'boolean'
  Expression: 1
  Use the static cast operator to convert the expression to enum type.


Warning-[ENUMASSIGN] Illegal assignment to enum variable
./test/yuu_apb_base_case.sv, 26
"m_cfg.coverage_enable = 0;"
  Only expressions of the enum type can be assigned to an enum variable. 
  The type int is incompatible with the enum 'boolean'
  Expression: 0
  Use the static cast operator to convert the expression to enum type.


Warning-[ENUMASSIGN] Illegal assignment to enum variable
./test/yuu_apb_ral_case.sv, 47
"this.cfg.mst_cfg[0].idle_enable = 0;"
  Only expressions of the enum type can be assigned to an enum variable. 
  The type int is incompatible with the enum 'boolean'
  Expression: 0
  Use the static cast operator to convert the expression to enum type.


Warning-[ENUMASSIGN] Illegal assignment to enum variable
./test/yuu_apb_ral_case.sv, 48
"this.cfg.mst_cfg[0].use_reg_model = 1;"
  Only expressions of the enum type can be assigned to an enum variable. 
  The type int is incompatible with the enum 'boolean'
  Expression: 1
  Use the static cast operator to convert the expression to enum type.

Starting vcs inline pass...
12 unique modules to generate
12 modules and 0 UDP read. 
recompiling package _vcs_DPI_package
recompiling package vcs_paramclassrepository
recompiling package _vcs_unit__2407097312
recompiling package std
recompiling package uvm_pkg
recompiling package yuu_common_pkg
recompiling package yuu_amba_pkg
recompiling module yuu_apb_master_interface
recompiling module yuu_apb_slave_interface
recompiling module yuu_apb_interface
recompiling package yuu_apb_pkg
recompiling module tb_top
All of 12 modules done
make[1]: Entering directory '/home/liuyunqi/huangtao/address_planner/dv/csrc'
rm -f _csrc*.so pre_vcsobj_*.so share_vcsobj_*.so
g++-4.8 -w  -pipe -DVCSMX -fPIC -fPIE -O -I/home/liuyunqi/software/vcs_2016/include \
-c /home/liuyunqi/software/vcs_2016/etc/uvm-1.2/dpi/uvm_dpi.cc
if [ -x ../simv ]; then chmod -x ../simv; fi
g++-4.8  -o ../simv   -Wl,-rpath-link=./ -Wl,-rpath='$ORIGIN'/simv.daidir/ -Wl,-rpath=./simv.daidir/ \
-Wl,-rpath='$ORIGIN'/simv.daidir//scsim.db.dir  -Wl,--no-as-needed -rdynamic  /home/liuyunqi/software/vcs_2016/linux64/lib/vpdlogstub.o \
uvm_dpi.o   amcQwB.o objs/amcQw_d.o  _11990_archive_1.so  SIM_l.o      rmapats_mop.o \
rmapats.o rmar.o  rmar_llvm_0_1.o rmar_llvm_0_0.o          /home/liuyunqi/software/vcs_2016/linux64/lib/libzerosoft_rt_stubs.so \
/home/liuyunqi/software/vcs_2016/linux64/lib/libvirsim.so /home/liuyunqi/software/vcs_2016/linux64/lib/liberrorinf.so \
/home/liuyunqi/software/vcs_2016/linux64/lib/libsnpsmalloc.so /home/liuyunqi/software/verdi_2016/share/PLI/VCS/linux64/pli.a \
/home/liuyunqi/software/vcs_2016/linux64/lib/libvcsnew.so /home/liuyunqi/software/vcs_2016/linux64/lib/libsimprofile.so \
/home/liuyunqi/software/vcs_2016/linux64/lib/libuclinative.so   -Wl,-whole-archive \
/home/liuyunqi/software/vcs_2016/linux64/lib/libvcsucli.so -Wl,-no-whole-archive \
./../simv.daidir/vc_hdrs.o _vcs_pli_stub_.o   /home/liuyunqi/software/vcs_2016/linux64/lib/vcs_save_restore_new.o \
-ldl -lm  -lc -lpthread -ldl 
../simv up to date
make[1]: Leaving directory '/home/liuyunqi/huangtao/address_planner/dv/csrc'
