version: (200506)

available memory: 64M bytes
used memory: 155648 bytes [need 152K bytes if disable swap]

used block: 5 [memory(5) file(0)]
                 [ 8K(3) 64K(2) { total 152K bytes } ]
overhead: (9522) bytes for (5) blocks [Average: (1904) bytes/block]

write  => 0(times) 0K(bytes) [0K bytes to file]
read   => 2(times) 41K(bytes) [6K bytes compressed data from file]
access => 84042(times) 663M(bytes)
          [hit ratio: 99.9976%]

time: write(0) read(0)  unit: second

swap file directory: (/home/liuyunqi/huangtao/ap/dv/verdiLog)
used swap file number: (3)



swap file manager:
arrSize: (256)
idxCnt: (4)
closeHead: (1)
closeTail: (3)
openCnt: (3)
fid(3): fd(1073741825) fileName(/home/liuyunqi/huangtao/ap/dv/simv.daidir/kdb.elab++/work.lib++/RegSpaceAPB_cfg_reg_bank_tables.v.tdc)
	size(6870) lastModTime(1693383265) curModTime(1693383265)
	mode(rb)	hot(0) cool(2) pos(0)
fid(2): fd(25) fileName(/home/liuyunqi/huangtao/ap/dv/verdiLog/_swap_0001#8323329#25807)
	size(0) lastModTime(0) curModTime(1693383294)
	mode(w+b)	hot(3) cool(1) pos(0)
fid(1): fd(1073741824) fileName(/home/liuyunqi/huangtao/ap/dv/simv.daidir/kdb.elab++/work.lib++/tb.sv.tdc)
	size(3958) lastModTime(1693383265) curModTime(1693383265)
	mode(rb)	hot(2) cool(0) pos(0)
fid(0): fd(0) fileName(NULL)
	mode(NULL)	hot(0) cool(0) pos(0)
==================================================
mySelf(1222f530) pre(fc36fa0) next(0)
version(200506)
date(May 20 2016 01:21:05)
